This file contains any messages produced by compilers while
running configure, to aid debugging if configure makes a mistake.

configure:572: checking host system type
configure:593: checking target system type
configure:611: checking build system type
configure:705: checking for gcc
configure:782: checking whether the C compiler (gcc  ) works
configure:796: gcc -o conftest    conftest.c  1>&5
configure:816: checking whether the C compiler (gcc  ) is a cross-compiler
configure:821: checking whether we are using GNU C
configure:845: checking whether gcc accepts -g
configure:878: checking gcc version
configure:1022: checking how to run the C preprocessor
configure:1086: checking for fcntl.h
configure:1086: checking for malloc.h
configure:1086: checking for memory.h
configure:1086: checking for rpc/rpcent.h
configure:1123: checking whether time.h and sys/time.h may both be included
configure:1162: checking Linux kernel version
configure:1227: checking for vfprintf
configure:1227: checking for strcasecmp
configure:1284: checking for ether_ntoa
configure:1284: checking for setlinebuf
configure:1338: checking whether byte ordering is bigendian
configure:1429: checking for main in -ldnet
configure:1472: checking for main in -lrpc
configure:1517: checking return type of signal handlers
configure:1581: checking for sigset
configure:1697: checking for gethostbyname
configure:1931: checking for socket
configure:2067: checking for putmsg in -lstr
configure:2179: checking for local pcap library
configure:2198: checking for main in -lpcap
configure:2294: checking for int32_t using gcc
configure:2332: checking for u_int32_t using gcc
configure:2410: checking if sockaddr struct has sa_len member
configure:2445: checking if ether_header uses ether_addr structs
configure:2492: checking if ether_arp uses ether_addr structs
configure:2539: checking if ether_arp uses erp_xsha member
configure:2585: checking if unaligned accesses fail
configure:2674: checking for a BSD compatible install
